2025-07-04 00:00:20 [main] INFO  c.f.a.e.EvaluacionesApplication - Starting EvaluacionesApplication using Java 21.0.7 with PID 23300 (C:\Users\proja\OneDrive\Documentos\Github\Modulo-Evaluaciones\target\classes started by proja in C:\Users\proja\OneDrive\Documentos\Github\Modulo-Evaluaciones)
2025-07-04 00:00:20 [main] DEBUG c.f.a.e.EvaluacionesApplication - Running with Spring Boot v3.2.3, Spring v6.1.4
2025-07-04 00:00:20 [main] INFO  c.f.a.e.EvaluacionesApplication - No active profile set, falling back to 1 default profile: "default"
2025-07-04 00:00:21 [main] INFO  o.s.d.r.c.RepositoryConfigurationDelegate - Bootstrapping Spring Data R2DBC repositories in DEFAULT mode.
2025-07-04 00:00:21 [main] INFO  o.s.d.r.c.RepositoryConfigurationDelegate - Finished Spring Data repository scanning in 135 ms. Found 12 R2DBC repository interfaces.
2025-07-04 00:00:22 [main] INFO  o.s.b.a.s.r.ReactiveUserDetailsServiceAutoConfiguration - 

Using generated security password: 7c0f90a6-db4f-47ac-ba87-e9d1540ecebe

2025-07-04 00:00:22 [main] INFO  o.s.b.w.e.netty.NettyWebServer - Netty started on port 8080
2025-07-04 00:00:22 [main] INFO  c.f.a.e.EvaluacionesApplication - Started EvaluacionesApplication in 2.249 seconds (process running for 2.684)
2025-07-04 00:00:43 [parallel-1] INFO  c.f.a.e.handler.FormulaHandler - Request GET /api/formula desde /[0:0:0:0:0:0:0:1]:63841 - Obteniendo todas las f贸rmulas
2025-07-04 00:00:43 [parallel-12] INFO  c.f.a.e.handler.FuncionHandler - GET /funciones desde IP: 0:0:0:0:0:0:0:1
2025-07-04 00:00:43 [parallel-1] INFO  c.f.a.e.service.FormulaService - Obteniendo todas las f贸rmulas
2025-07-04 00:00:43 [parallel-12] INFO  c.f.a.e.service.FuncionService - Obteniendo todas las funciones
2025-07-04 00:00:44 [reactor-tcp-nio-2] WARN  i.a.r2dbc.mysql.MySqlConnection - The server timezone is unknown <Hora est. Pac?fico, Sudam?ric>, trying to use system default timezone
java.time.DateTimeException: Invalid ID for region-based ZoneId, invalid format: Hora est. Pac?fico, Sudam?ric
	at java.base/java.time.ZoneRegion.checkName(ZoneRegion.java:152)
	at java.base/java.time.ZoneRegion.ofId(ZoneRegion.java:117)
	at java.base/java.time.ZoneId.of(ZoneId.java:411)
	at java.base/java.time.ZoneId.of(ZoneId.java:359)
	at java.base/java.time.ZoneId.of(ZoneId.java:315)
	at io.asyncer.r2dbc.mysql.MySqlConnection.convertZoneId(MySqlConnection.java:549)
	at io.asyncer.r2dbc.mysql.MySqlConnection.lambda$fullInit$17(MySqlConnection.java:506)
	at io.asyncer.r2dbc.mysql.MySqlResult.lambda$map$1(MySqlResult.java:87)
	at reactor.core.publisher.FluxHandleFuseable$HandleFuseableSubscriber.onNext(FluxHandleFuseable.java:179)
	at reactor.core.publisher.FluxHandleFuseable$HandleFuseableConditionalSubscriber.onNext(FluxHandleFuseable.java:505)
	at reactor.core.publisher.FluxContextWrite$ContextWriteSubscriber.onNext(FluxContextWrite.java:107)
	at io.asyncer.r2dbc.mysql.internal.util.DiscardOnCancelSubscriber.onNext(DiscardOnCancelSubscriber.java:66)
	at reactor.core.publisher.FluxWindowPredicate$WindowFlux.drainRegular(FluxWindowPredicate.java:670)
	at reactor.core.publisher.FluxWindowPredicate$WindowFlux.drain(FluxWindowPredicate.java:748)
	at reactor.core.publisher.FluxWindowPredicate$WindowFlux.onNext(FluxWindowPredicate.java:790)
	at reactor.core.publisher.FluxWindowPredicate$WindowPredicateMain.onNext(FluxWindowPredicate.java:268)
	at reactor.core.publisher.FluxPeek$PeekSubscriber.onNext(FluxPeek.java:200)
	at reactor.core.publisher.MonoFlatMapMany$FlatMapManyInner.onNext(MonoFlatMapMany.java:251)
	at reactor.core.publisher.FluxContextWrite$ContextWriteSubscriber.onNext(FluxContextWrite.java:107)
	at io.asyncer.r2dbc.mysql.internal.util.DiscardOnCancelSubscriber.onNext(DiscardOnCancelSubscriber.java:66)
	at reactor.core.publisher.FluxPeekFuseable$PeekConditionalSubscriber.onNext(FluxPeekFuseable.java:854)
	at reactor.core.publisher.FluxHandle$HandleConditionalSubscriber.onNext(FluxHandle.java:343)
	at reactor.core.publisher.FluxPeekFuseable$PeekConditionalSubscriber.onNext(FluxPeekFuseable.java:854)
	at reactor.core.publisher.SinkManyEmitterProcessor.drain(SinkManyEmitterProcessor.java:476)
	at reactor.core.publisher.SinkManyEmitterProcessor.tryEmitNext(SinkManyEmitterProcessor.java:273)
	at reactor.core.publisher.SinkManySerialized.tryEmitNext(SinkManySerialized.java:100)
	at reactor.core.publisher.InternalManySink.emitNext(InternalManySink.java:27)
	at io.asyncer.r2dbc.mysql.client.ReactorNettyClient$ResponseSink.next(ReactorNettyClient.java:383)
	at io.asyncer.r2dbc.mysql.client.ReactorNettyClient.lambda$new$0(ReactorNettyClient.java:121)
	at reactor.core.publisher.FluxPeek$PeekSubscriber.onNext(FluxPeek.java:185)
	at reactor.netty.channel.FluxReceive.drainReceiver(FluxReceive.java:294)
	at reactor.netty.channel.FluxReceive.onInboundNext(FluxReceive.java:403)
	at reactor.netty.channel.ChannelOperations.onInboundNext(ChannelOperations.java:426)
	at reactor.netty.channel.ChannelOperationsHandler.channelRead(ChannelOperationsHandler.java:114)
	at io.netty.channel.AbstractChannelHandlerContext.invokeChannelRead(AbstractChannelHandlerContext.java:444)
	at io.netty.channel.AbstractChannelHandlerContext.invokeChannelRead(AbstractChannelHandlerContext.java:420)
	at io.netty.channel.AbstractChannelHandlerContext.fireChannelRead(AbstractChannelHandlerContext.java:412)
	at io.asyncer.r2dbc.mysql.client.MessageDuplexCodec.handleDecoded(MessageDuplexCodec.java:162)
	at io.asyncer.r2dbc.mysql.client.MessageDuplexCodec.channelRead(MessageDuplexCodec.java:73)
	at io.netty.channel.AbstractChannelHandlerContext.invokeChannelRead(AbstractChannelHandlerContext.java:442)
	at io.netty.channel.AbstractChannelHandlerContext.invokeChannelRead(AbstractChannelHandlerContext.java:420)
	at io.netty.channel.AbstractChannelHandlerContext.fireChannelRead(AbstractChannelHandlerContext.java:412)
	at io.netty.handler.codec.ByteToMessageDecoder.fireChannelRead(ByteToMessageDecoder.java:346)
	at io.netty.handler.codec.ByteToMessageDecoder.fireChannelRead(ByteToMessageDecoder.java:333)
	at io.netty.handler.codec.ByteToMessageDecoder.callDecode(ByteToMessageDecoder.java:454)
	at io.netty.handler.codec.ByteToMessageDecoder.channelRead(ByteToMessageDecoder.java:290)
	at io.netty.channel.AbstractChannelHandlerContext.invokeChannelRead(AbstractChannelHandlerContext.java:444)
	at io.netty.channel.AbstractChannelHandlerContext.invokeChannelRead(AbstractChannelHandlerContext.java:420)
	at io.netty.channel.AbstractChannelHandlerContext.fireChannelRead(AbstractChannelHandlerContext.java:412)
	at io.netty.handler.ssl.SslHandler.unwrap(SslHandler.java:1475)
	at io.netty.handler.ssl.SslHandler.decodeJdkCompatible(SslHandler.java:1338)
	at io.netty.handler.ssl.SslHandler.decode(SslHandler.java:1387)
	at io.netty.handler.codec.ByteToMessageDecoder.decodeRemovalReentryProtection(ByteToMessageDecoder.java:529)
	at io.netty.handler.codec.ByteToMessageDecoder.callDecode(ByteToMessageDecoder.java:468)
	at io.netty.handler.codec.ByteToMessageDecoder.channelRead(ByteToMessageDecoder.java:290)
	at io.netty.channel.AbstractChannelHandlerContext.invokeChannelRead(AbstractChannelHandlerContext.java:444)
	at io.netty.channel.AbstractChannelHandlerContext.invokeChannelRead(AbstractChannelHandlerContext.java:420)
	at io.netty.channel.AbstractChannelHandlerContext.fireChannelRead(AbstractChannelHandlerContext.java:412)
	at io.netty.channel.DefaultChannelPipeline$HeadContext.channelRead(DefaultChannelPipeline.java:1410)
	at io.netty.channel.AbstractChannelHandlerContext.invokeChannelRead(AbstractChannelHandlerContext.java:440)
	at io.netty.channel.AbstractChannelHandlerContext.invokeChannelRead(AbstractChannelHandlerContext.java:420)
	at io.netty.channel.DefaultChannelPipeline.fireChannelRead(DefaultChannelPipeline.java:919)
	at io.netty.channel.nio.AbstractNioByteChannel$NioByteUnsafe.read(AbstractNioByteChannel.java:166)
	at io.netty.channel.nio.NioEventLoop.processSelectedKey(NioEventLoop.java:788)
	at io.netty.channel.nio.NioEventLoop.processSelectedKeysOptimized(NioEventLoop.java:724)
	at io.netty.channel.nio.NioEventLoop.processSelectedKeys(NioEventLoop.java:650)
	at io.netty.channel.nio.NioEventLoop.run(NioEventLoop.java:562)
	at io.netty.util.concurrent.SingleThreadEventExecutor$4.run(SingleThreadEventExecutor.java:997)
	at io.netty.util.internal.ThreadExecutorMap$2.run(ThreadExecutorMap.java:74)
	at io.netty.util.concurrent.FastThreadLocalRunnable.run(FastThreadLocalRunnable.java:30)
	at java.base/java.lang.Thread.run(Thread.java:1583)
2025-07-04 00:00:44 [reactor-tcp-nio-3] WARN  i.a.r2dbc.mysql.MySqlConnection - The server timezone is unknown <Hora est. Pac?fico, Sudam?ric>, trying to use system default timezone
java.time.DateTimeException: Invalid ID for region-based ZoneId, invalid format: Hora est. Pac?fico, Sudam?ric
	at java.base/java.time.ZoneRegion.checkName(ZoneRegion.java:152)
	at java.base/java.time.ZoneRegion.ofId(ZoneRegion.java:117)
	at java.base/java.time.ZoneId.of(ZoneId.java:411)
	at java.base/java.time.ZoneId.of(ZoneId.java:359)
	at java.base/java.time.ZoneId.of(ZoneId.java:315)
	at io.asyncer.r2dbc.mysql.MySqlConnection.convertZoneId(MySqlConnection.java:549)
	at io.asyncer.r2dbc.mysql.MySqlConnection.lambda$fullInit$17(MySqlConnection.java:506)
	at io.asyncer.r2dbc.mysql.MySqlResult.lambda$map$1(MySqlResult.java:87)
	at reactor.core.publisher.FluxHandleFuseable$HandleFuseableSubscriber.onNext(FluxHandleFuseable.java:179)
	at reactor.core.publisher.FluxHandleFuseable$HandleFuseableConditionalSubscriber.onNext(FluxHandleFuseable.java:505)
	at reactor.core.publisher.FluxContextWrite$ContextWriteSubscriber.onNext(FluxContextWrite.java:107)
	at io.asyncer.r2dbc.mysql.internal.util.DiscardOnCancelSubscriber.onNext(DiscardOnCancelSubscriber.java:66)
	at reactor.core.publisher.FluxWindowPredicate$WindowFlux.drainRegular(FluxWindowPredicate.java:670)
	at reactor.core.publisher.FluxWindowPredicate$WindowFlux.drain(FluxWindowPredicate.java:748)
	at reactor.core.publisher.FluxWindowPredicate$WindowFlux.onNext(FluxWindowPredicate.java:790)
	at reactor.core.publisher.FluxWindowPredicate$WindowPredicateMain.onNext(FluxWindowPredicate.java:268)
	at reactor.core.publisher.FluxPeek$PeekSubscriber.onNext(FluxPeek.java:200)
	at reactor.core.publisher.MonoFlatMapMany$FlatMapManyInner.onNext(MonoFlatMapMany.java:251)
	at reactor.core.publisher.FluxContextWrite$ContextWriteSubscriber.onNext(FluxContextWrite.java:107)
	at io.asyncer.r2dbc.mysql.internal.util.DiscardOnCancelSubscriber.onNext(DiscardOnCancelSubscriber.java:66)
	at reactor.core.publisher.FluxPeekFuseable$PeekConditionalSubscriber.onNext(FluxPeekFuseable.java:854)
	at reactor.core.publisher.FluxHandle$HandleConditionalSubscriber.onNext(FluxHandle.java:343)
	at reactor.core.publisher.FluxPeekFuseable$PeekConditionalSubscriber.onNext(FluxPeekFuseable.java:854)
	at reactor.core.publisher.SinkManyEmitterProcessor.drain(SinkManyEmitterProcessor.java:476)
	at reactor.core.publisher.SinkManyEmitterProcessor.tryEmitNext(SinkManyEmitterProcessor.java:273)
	at reactor.core.publisher.SinkManySerialized.tryEmitNext(SinkManySerialized.java:100)
	at reactor.core.publisher.InternalManySink.emitNext(InternalManySink.java:27)
	at io.asyncer.r2dbc.mysql.client.ReactorNettyClient$ResponseSink.next(ReactorNettyClient.java:383)
	at io.asyncer.r2dbc.mysql.client.ReactorNettyClient.lambda$new$0(ReactorNettyClient.java:121)
	at reactor.core.publisher.FluxPeek$PeekSubscriber.onNext(FluxPeek.java:185)
	at reactor.netty.channel.FluxReceive.drainReceiver(FluxReceive.java:294)
	at reactor.netty.channel.FluxReceive.onInboundNext(FluxReceive.java:403)
	at reactor.netty.channel.ChannelOperations.onInboundNext(ChannelOperations.java:426)
	at reactor.netty.channel.ChannelOperationsHandler.channelRead(ChannelOperationsHandler.java:114)
	at io.netty.channel.AbstractChannelHandlerContext.invokeChannelRead(AbstractChannelHandlerContext.java:444)
	at io.netty.channel.AbstractChannelHandlerContext.invokeChannelRead(AbstractChannelHandlerContext.java:420)
	at io.netty.channel.AbstractChannelHandlerContext.fireChannelRead(AbstractChannelHandlerContext.java:412)
	at io.asyncer.r2dbc.mysql.client.MessageDuplexCodec.handleDecoded(MessageDuplexCodec.java:162)
	at io.asyncer.r2dbc.mysql.client.MessageDuplexCodec.channelRead(MessageDuplexCodec.java:73)
	at io.netty.channel.AbstractChannelHandlerContext.invokeChannelRead(AbstractChannelHandlerContext.java:442)
	at io.netty.channel.AbstractChannelHandlerContext.invokeChannelRead(AbstractChannelHandlerContext.java:420)
	at io.netty.channel.AbstractChannelHandlerContext.fireChannelRead(AbstractChannelHandlerContext.java:412)
	at io.netty.handler.codec.ByteToMessageDecoder.fireChannelRead(ByteToMessageDecoder.java:346)
	at io.netty.handler.codec.ByteToMessageDecoder.fireChannelRead(ByteToMessageDecoder.java:333)
	at io.netty.handler.codec.ByteToMessageDecoder.callDecode(ByteToMessageDecoder.java:454)
	at io.netty.handler.codec.ByteToMessageDecoder.channelRead(ByteToMessageDecoder.java:290)
	at io.netty.channel.AbstractChannelHandlerContext.invokeChannelRead(AbstractChannelHandlerContext.java:444)
	at io.netty.channel.AbstractChannelHandlerContext.invokeChannelRead(AbstractChannelHandlerContext.java:420)
	at io.netty.channel.AbstractChannelHandlerContext.fireChannelRead(AbstractChannelHandlerContext.java:412)
	at io.netty.handler.ssl.SslHandler.unwrap(SslHandler.java:1475)
	at io.netty.handler.ssl.SslHandler.decodeJdkCompatible(SslHandler.java:1338)
	at io.netty.handler.ssl.SslHandler.decode(SslHandler.java:1387)
	at io.netty.handler.codec.ByteToMessageDecoder.decodeRemovalReentryProtection(ByteToMessageDecoder.java:529)
	at io.netty.handler.codec.ByteToMessageDecoder.callDecode(ByteToMessageDecoder.java:468)
	at io.netty.handler.codec.ByteToMessageDecoder.channelRead(ByteToMessageDecoder.java:290)
	at io.netty.channel.AbstractChannelHandlerContext.invokeChannelRead(AbstractChannelHandlerContext.java:444)
	at io.netty.channel.AbstractChannelHandlerContext.invokeChannelRead(AbstractChannelHandlerContext.java:420)
	at io.netty.channel.AbstractChannelHandlerContext.fireChannelRead(AbstractChannelHandlerContext.java:412)
	at io.netty.channel.DefaultChannelPipeline$HeadContext.channelRead(DefaultChannelPipeline.java:1410)
	at io.netty.channel.AbstractChannelHandlerContext.invokeChannelRead(AbstractChannelHandlerContext.java:440)
	at io.netty.channel.AbstractChannelHandlerContext.invokeChannelRead(AbstractChannelHandlerContext.java:420)
	at io.netty.channel.DefaultChannelPipeline.fireChannelRead(DefaultChannelPipeline.java:919)
	at io.netty.channel.nio.AbstractNioByteChannel$NioByteUnsafe.read(AbstractNioByteChannel.java:166)
	at io.netty.channel.nio.NioEventLoop.processSelectedKey(NioEventLoop.java:788)
	at io.netty.channel.nio.NioEventLoop.processSelectedKeysOptimized(NioEventLoop.java:724)
	at io.netty.channel.nio.NioEventLoop.processSelectedKeys(NioEventLoop.java:650)
	at io.netty.channel.nio.NioEventLoop.run(NioEventLoop.java:562)
	at io.netty.util.concurrent.SingleThreadEventExecutor$4.run(SingleThreadEventExecutor.java:997)
	at io.netty.util.internal.ThreadExecutorMap$2.run(ThreadExecutorMap.java:74)
	at io.netty.util.concurrent.FastThreadLocalRunnable.run(FastThreadLocalRunnable.java:30)
	at java.base/java.lang.Thread.run(Thread.java:1583)
2025-07-04 00:00:44 [reactor-tcp-nio-4] WARN  i.a.r2dbc.mysql.MySqlConnection - The server timezone is unknown <Hora est. Pac?fico, Sudam?ric>, trying to use system default timezone
java.time.DateTimeException: Invalid ID for region-based ZoneId, invalid format: Hora est. Pac?fico, Sudam?ric
	at java.base/java.time.ZoneRegion.checkName(ZoneRegion.java:152)
	at java.base/java.time.ZoneRegion.ofId(ZoneRegion.java:117)
	at java.base/java.time.ZoneId.of(ZoneId.java:411)
	at java.base/java.time.ZoneId.of(ZoneId.java:359)
	at java.base/java.time.ZoneId.of(ZoneId.java:315)
	at io.asyncer.r2dbc.mysql.MySqlConnection.convertZoneId(MySqlConnection.java:549)
	at io.asyncer.r2dbc.mysql.MySqlConnection.lambda$fullInit$17(MySqlConnection.java:506)
	at io.asyncer.r2dbc.mysql.MySqlResult.lambda$map$1(MySqlResult.java:87)
	at reactor.core.publisher.FluxHandleFuseable$HandleFuseableSubscriber.onNext(FluxHandleFuseable.java:179)
	at reactor.core.publisher.FluxHandleFuseable$HandleFuseableConditionalSubscriber.onNext(FluxHandleFuseable.java:505)
	at reactor.core.publisher.FluxContextWrite$ContextWriteSubscriber.onNext(FluxContextWrite.java:107)
	at io.asyncer.r2dbc.mysql.internal.util.DiscardOnCancelSubscriber.onNext(DiscardOnCancelSubscriber.java:66)
	at reactor.core.publisher.FluxWindowPredicate$WindowFlux.drainRegular(FluxWindowPredicate.java:670)
	at reactor.core.publisher.FluxWindowPredicate$WindowFlux.drain(FluxWindowPredicate.java:748)
	at reactor.core.publisher.FluxWindowPredicate$WindowFlux.onNext(FluxWindowPredicate.java:790)
	at reactor.core.publisher.FluxWindowPredicate$WindowPredicateMain.onNext(FluxWindowPredicate.java:268)
	at reactor.core.publisher.FluxPeek$PeekSubscriber.onNext(FluxPeek.java:200)
	at reactor.core.publisher.MonoFlatMapMany$FlatMapManyInner.onNext(MonoFlatMapMany.java:251)
	at reactor.core.publisher.FluxContextWrite$ContextWriteSubscriber.onNext(FluxContextWrite.java:107)
	at io.asyncer.r2dbc.mysql.internal.util.DiscardOnCancelSubscriber.onNext(DiscardOnCancelSubscriber.java:66)
	at reactor.core.publisher.FluxPeekFuseable$PeekConditionalSubscriber.onNext(FluxPeekFuseable.java:854)
	at reactor.core.publisher.FluxHandle$HandleConditionalSubscriber.onNext(FluxHandle.java:343)
	at reactor.core.publisher.FluxPeekFuseable$PeekConditionalSubscriber.onNext(FluxPeekFuseable.java:854)
	at reactor.core.publisher.SinkManyEmitterProcessor.drain(SinkManyEmitterProcessor.java:476)
	at reactor.core.publisher.SinkManyEmitterProcessor.tryEmitNext(SinkManyEmitterProcessor.java:273)
	at reactor.core.publisher.SinkManySerialized.tryEmitNext(SinkManySerialized.java:100)
	at reactor.core.publisher.InternalManySink.emitNext(InternalManySink.java:27)
	at io.asyncer.r2dbc.mysql.client.ReactorNettyClient$ResponseSink.next(ReactorNettyClient.java:383)
	at io.asyncer.r2dbc.mysql.client.ReactorNettyClient.lambda$new$0(ReactorNettyClient.java:121)
	at reactor.core.publisher.FluxPeek$PeekSubscriber.onNext(FluxPeek.java:185)
	at reactor.netty.channel.FluxReceive.drainReceiver(FluxReceive.java:294)
	at reactor.netty.channel.FluxReceive.onInboundNext(FluxReceive.java:403)
	at reactor.netty.channel.ChannelOperations.onInboundNext(ChannelOperations.java:426)
	at reactor.netty.channel.ChannelOperationsHandler.channelRead(ChannelOperationsHandler.java:114)
	at io.netty.channel.AbstractChannelHandlerContext.invokeChannelRead(AbstractChannelHandlerContext.java:444)
	at io.netty.channel.AbstractChannelHandlerContext.invokeChannelRead(AbstractChannelHandlerContext.java:420)
	at io.netty.channel.AbstractChannelHandlerContext.fireChannelRead(AbstractChannelHandlerContext.java:412)
	at io.asyncer.r2dbc.mysql.client.MessageDuplexCodec.handleDecoded(MessageDuplexCodec.java:162)
	at io.asyncer.r2dbc.mysql.client.MessageDuplexCodec.channelRead(MessageDuplexCodec.java:73)
	at io.netty.channel.AbstractChannelHandlerContext.invokeChannelRead(AbstractChannelHandlerContext.java:442)
	at io.netty.channel.AbstractChannelHandlerContext.invokeChannelRead(AbstractChannelHandlerContext.java:420)
	at io.netty.channel.AbstractChannelHandlerContext.fireChannelRead(AbstractChannelHandlerContext.java:412)
	at io.netty.handler.codec.ByteToMessageDecoder.fireChannelRead(ByteToMessageDecoder.java:346)
	at io.netty.handler.codec.ByteToMessageDecoder.fireChannelRead(ByteToMessageDecoder.java:333)
	at io.netty.handler.codec.ByteToMessageDecoder.callDecode(ByteToMessageDecoder.java:454)
	at io.netty.handler.codec.ByteToMessageDecoder.channelRead(ByteToMessageDecoder.java:290)
	at io.netty.channel.AbstractChannelHandlerContext.invokeChannelRead(AbstractChannelHandlerContext.java:444)
	at io.netty.channel.AbstractChannelHandlerContext.invokeChannelRead(AbstractChannelHandlerContext.java:420)
	at io.netty.channel.AbstractChannelHandlerContext.fireChannelRead(AbstractChannelHandlerContext.java:412)
	at io.netty.handler.ssl.SslHandler.unwrap(SslHandler.java:1475)
	at io.netty.handler.ssl.SslHandler.decodeJdkCompatible(SslHandler.java:1338)
	at io.netty.handler.ssl.SslHandler.decode(SslHandler.java:1387)
	at io.netty.handler.codec.ByteToMessageDecoder.decodeRemovalReentryProtection(ByteToMessageDecoder.java:529)
	at io.netty.handler.codec.ByteToMessageDecoder.callDecode(ByteToMessageDecoder.java:468)
	at io.netty.handler.codec.ByteToMessageDecoder.channelRead(ByteToMessageDecoder.java:290)
	at io.netty.channel.AbstractChannelHandlerContext.invokeChannelRead(AbstractChannelHandlerContext.java:444)
	at io.netty.channel.AbstractChannelHandlerContext.invokeChannelRead(AbstractChannelHandlerContext.java:420)
	at io.netty.channel.AbstractChannelHandlerContext.fireChannelRead(AbstractChannelHandlerContext.java:412)
	at io.netty.channel.DefaultChannelPipeline$HeadContext.channelRead(DefaultChannelPipeline.java:1410)
	at io.netty.channel.AbstractChannelHandlerContext.invokeChannelRead(AbstractChannelHandlerContext.java:440)
	at io.netty.channel.AbstractChannelHandlerContext.invokeChannelRead(AbstractChannelHandlerContext.java:420)
	at io.netty.channel.DefaultChannelPipeline.fireChannelRead(DefaultChannelPipeline.java:919)
	at io.netty.channel.nio.AbstractNioByteChannel$NioByteUnsafe.read(AbstractNioByteChannel.java:166)
	at io.netty.channel.nio.NioEventLoop.processSelectedKey(NioEventLoop.java:788)
	at io.netty.channel.nio.NioEventLoop.processSelectedKeysOptimized(NioEventLoop.java:724)
	at io.netty.channel.nio.NioEventLoop.processSelectedKeys(NioEventLoop.java:650)
	at io.netty.channel.nio.NioEventLoop.run(NioEventLoop.java:562)
	at io.netty.util.concurrent.SingleThreadEventExecutor$4.run(SingleThreadEventExecutor.java:997)
	at io.netty.util.internal.ThreadExecutorMap$2.run(ThreadExecutorMap.java:74)
	at io.netty.util.concurrent.FastThreadLocalRunnable.run(FastThreadLocalRunnable.java:30)
	at java.base/java.lang.Thread.run(Thread.java:1583)
2025-07-04 00:00:44 [reactor-tcp-nio-5] WARN  i.a.r2dbc.mysql.MySqlConnection - The server timezone is unknown <Hora est. Pac?fico, Sudam?ric>, trying to use system default timezone
java.time.DateTimeException: Invalid ID for region-based ZoneId, invalid format: Hora est. Pac?fico, Sudam?ric
	at java.base/java.time.ZoneRegion.checkName(ZoneRegion.java:152)
	at java.base/java.time.ZoneRegion.ofId(ZoneRegion.java:117)
	at java.base/java.time.ZoneId.of(ZoneId.java:411)
	at java.base/java.time.ZoneId.of(ZoneId.java:359)
	at java.base/java.time.ZoneId.of(ZoneId.java:315)
	at io.asyncer.r2dbc.mysql.MySqlConnection.convertZoneId(MySqlConnection.java:549)
	at io.asyncer.r2dbc.mysql.MySqlConnection.lambda$fullInit$17(MySqlConnection.java:506)
	at io.asyncer.r2dbc.mysql.MySqlResult.lambda$map$1(MySqlResult.java:87)
	at reactor.core.publisher.FluxHandleFuseable$HandleFuseableSubscriber.onNext(FluxHandleFuseable.java:179)
	at reactor.core.publisher.FluxHandleFuseable$HandleFuseableConditionalSubscriber.onNext(FluxHandleFuseable.java:505)
	at reactor.core.publisher.FluxContextWrite$ContextWriteSubscriber.onNext(FluxContextWrite.java:107)
	at io.asyncer.r2dbc.mysql.internal.util.DiscardOnCancelSubscriber.onNext(DiscardOnCancelSubscriber.java:66)
	at reactor.core.publisher.FluxWindowPredicate$WindowFlux.drainRegular(FluxWindowPredicate.java:670)
	at reactor.core.publisher.FluxWindowPredicate$WindowFlux.drain(FluxWindowPredicate.java:748)
	at reactor.core.publisher.FluxWindowPredicate$WindowFlux.onNext(FluxWindowPredicate.java:790)
	at reactor.core.publisher.FluxWindowPredicate$WindowPredicateMain.onNext(FluxWindowPredicate.java:268)
	at reactor.core.publisher.FluxPeek$PeekSubscriber.onNext(FluxPeek.java:200)
	at reactor.core.publisher.MonoFlatMapMany$FlatMapManyInner.onNext(MonoFlatMapMany.java:251)
	at reactor.core.publisher.FluxContextWrite$ContextWriteSubscriber.onNext(FluxContextWrite.java:107)
	at io.asyncer.r2dbc.mysql.internal.util.DiscardOnCancelSubscriber.onNext(DiscardOnCancelSubscriber.java:66)
	at reactor.core.publisher.FluxPeekFuseable$PeekConditionalSubscriber.onNext(FluxPeekFuseable.java:854)
	at reactor.core.publisher.FluxHandle$HandleConditionalSubscriber.onNext(FluxHandle.java:343)
	at reactor.core.publisher.FluxPeekFuseable$PeekConditionalSubscriber.onNext(FluxPeekFuseable.java:854)
	at reactor.core.publisher.SinkManyEmitterProcessor.drain(SinkManyEmitterProcessor.java:476)
	at reactor.core.publisher.SinkManyEmitterProcessor.tryEmitNext(SinkManyEmitterProcessor.java:273)
	at reactor.core.publisher.SinkManySerialized.tryEmitNext(SinkManySerialized.java:100)
	at reactor.core.publisher.InternalManySink.emitNext(InternalManySink.java:27)
	at io.asyncer.r2dbc.mysql.client.ReactorNettyClient$ResponseSink.next(ReactorNettyClient.java:383)
	at io.asyncer.r2dbc.mysql.client.ReactorNettyClient.lambda$new$0(ReactorNettyClient.java:121)
	at reactor.core.publisher.FluxPeek$PeekSubscriber.onNext(FluxPeek.java:185)
	at reactor.netty.channel.FluxReceive.drainReceiver(FluxReceive.java:294)
	at reactor.netty.channel.FluxReceive.onInboundNext(FluxReceive.java:403)
	at reactor.netty.channel.ChannelOperations.onInboundNext(ChannelOperations.java:426)
	at reactor.netty.channel.ChannelOperationsHandler.channelRead(ChannelOperationsHandler.java:114)
	at io.netty.channel.AbstractChannelHandlerContext.invokeChannelRead(AbstractChannelHandlerContext.java:444)
	at io.netty.channel.AbstractChannelHandlerContext.invokeChannelRead(AbstractChannelHandlerContext.java:420)
	at io.netty.channel.AbstractChannelHandlerContext.fireChannelRead(AbstractChannelHandlerContext.java:412)
	at io.asyncer.r2dbc.mysql.client.MessageDuplexCodec.handleDecoded(MessageDuplexCodec.java:162)
	at io.asyncer.r2dbc.mysql.client.MessageDuplexCodec.channelRead(MessageDuplexCodec.java:73)
	at io.netty.channel.AbstractChannelHandlerContext.invokeChannelRead(AbstractChannelHandlerContext.java:442)
	at io.netty.channel.AbstractChannelHandlerContext.invokeChannelRead(AbstractChannelHandlerContext.java:420)
	at io.netty.channel.AbstractChannelHandlerContext.fireChannelRead(AbstractChannelHandlerContext.java:412)
	at io.netty.handler.codec.ByteToMessageDecoder.fireChannelRead(ByteToMessageDecoder.java:346)
	at io.netty.handler.codec.ByteToMessageDecoder.fireChannelRead(ByteToMessageDecoder.java:333)
	at io.netty.handler.codec.ByteToMessageDecoder.callDecode(ByteToMessageDecoder.java:454)
	at io.netty.handler.codec.ByteToMessageDecoder.channelRead(ByteToMessageDecoder.java:290)
	at io.netty.channel.AbstractChannelHandlerContext.invokeChannelRead(AbstractChannelHandlerContext.java:444)
	at io.netty.channel.AbstractChannelHandlerContext.invokeChannelRead(AbstractChannelHandlerContext.java:420)
	at io.netty.channel.AbstractChannelHandlerContext.fireChannelRead(AbstractChannelHandlerContext.java:412)
	at io.netty.handler.ssl.SslHandler.unwrap(SslHandler.java:1475)
	at io.netty.handler.ssl.SslHandler.decodeJdkCompatible(SslHandler.java:1338)
	at io.netty.handler.ssl.SslHandler.decode(SslHandler.java:1387)
	at io.netty.handler.codec.ByteToMessageDecoder.decodeRemovalReentryProtection(ByteToMessageDecoder.java:529)
	at io.netty.handler.codec.ByteToMessageDecoder.callDecode(ByteToMessageDecoder.java:468)
	at io.netty.handler.codec.ByteToMessageDecoder.channelRead(ByteToMessageDecoder.java:290)
	at io.netty.channel.AbstractChannelHandlerContext.invokeChannelRead(AbstractChannelHandlerContext.java:444)
	at io.netty.channel.AbstractChannelHandlerContext.invokeChannelRead(AbstractChannelHandlerContext.java:420)
	at io.netty.channel.AbstractChannelHandlerContext.fireChannelRead(AbstractChannelHandlerContext.java:412)
	at io.netty.channel.DefaultChannelPipeline$HeadContext.channelRead(DefaultChannelPipeline.java:1410)
	at io.netty.channel.AbstractChannelHandlerContext.invokeChannelRead(AbstractChannelHandlerContext.java:440)
	at io.netty.channel.AbstractChannelHandlerContext.invokeChannelRead(AbstractChannelHandlerContext.java:420)
	at io.netty.channel.DefaultChannelPipeline.fireChannelRead(DefaultChannelPipeline.java:919)
	at io.netty.channel.nio.AbstractNioByteChannel$NioByteUnsafe.read(AbstractNioByteChannel.java:166)
	at io.netty.channel.nio.NioEventLoop.processSelectedKey(NioEventLoop.java:788)
	at io.netty.channel.nio.NioEventLoop.processSelectedKeysOptimized(NioEventLoop.java:724)
	at io.netty.channel.nio.NioEventLoop.processSelectedKeys(NioEventLoop.java:650)
	at io.netty.channel.nio.NioEventLoop.run(NioEventLoop.java:562)
	at io.netty.util.concurrent.SingleThreadEventExecutor$4.run(SingleThreadEventExecutor.java:997)
	at io.netty.util.internal.ThreadExecutorMap$2.run(ThreadExecutorMap.java:74)
	at io.netty.util.concurrent.FastThreadLocalRunnable.run(FastThreadLocalRunnable.java:30)
	at java.base/java.lang.Thread.run(Thread.java:1583)
2025-07-04 00:00:44 [parallel-3] INFO  c.f.a.e.handler.FuncionHandler - GET /funciones desde IP: 0:0:0:0:0:0:0:1
2025-07-04 00:00:44 [parallel-2] INFO  c.f.a.e.handler.FormulaHandler - Request GET /api/formula desde /[0:0:0:0:0:0:0:1]:63844 - Obteniendo todas las f贸rmulas
2025-07-04 00:00:44 [parallel-3] INFO  c.f.a.e.service.FuncionService - Obteniendo todas las funciones
2025-07-04 00:00:44 [parallel-2] INFO  c.f.a.e.service.FormulaService - Obteniendo todas las f贸rmulas
2025-07-04 00:00:44 [reactor-tcp-nio-6] WARN  i.a.r2dbc.mysql.MySqlConnection - The server timezone is unknown <Hora est. Pac?fico, Sudam?ric>, trying to use system default timezone
java.time.DateTimeException: Invalid ID for region-based ZoneId, invalid format: Hora est. Pac?fico, Sudam?ric
	at java.base/java.time.ZoneRegion.checkName(ZoneRegion.java:152)
	at java.base/java.time.ZoneRegion.ofId(ZoneRegion.java:117)
	at java.base/java.time.ZoneId.of(ZoneId.java:411)
	at java.base/java.time.ZoneId.of(ZoneId.java:359)
	at java.base/java.time.ZoneId.of(ZoneId.java:315)
	at io.asyncer.r2dbc.mysql.MySqlConnection.convertZoneId(MySqlConnection.java:549)
	at io.asyncer.r2dbc.mysql.MySqlConnection.lambda$fullInit$17(MySqlConnection.java:506)
	at io.asyncer.r2dbc.mysql.MySqlResult.lambda$map$1(MySqlResult.java:87)
	at reactor.core.publisher.FluxHandleFuseable$HandleFuseableSubscriber.onNext(FluxHandleFuseable.java:179)
	at reactor.core.publisher.FluxHandleFuseable$HandleFuseableConditionalSubscriber.onNext(FluxHandleFuseable.java:505)
	at reactor.core.publisher.FluxContextWrite$ContextWriteSubscriber.onNext(FluxContextWrite.java:107)
	at io.asyncer.r2dbc.mysql.internal.util.DiscardOnCancelSubscriber.onNext(DiscardOnCancelSubscriber.java:66)
	at reactor.core.publisher.FluxWindowPredicate$WindowFlux.drainRegular(FluxWindowPredicate.java:670)
	at reactor.core.publisher.FluxWindowPredicate$WindowFlux.drain(FluxWindowPredicate.java:748)
	at reactor.core.publisher.FluxWindowPredicate$WindowFlux.onNext(FluxWindowPredicate.java:790)
	at reactor.core.publisher.FluxWindowPredicate$WindowPredicateMain.onNext(FluxWindowPredicate.java:268)
	at reactor.core.publisher.FluxPeek$PeekSubscriber.onNext(FluxPeek.java:200)
	at reactor.core.publisher.MonoFlatMapMany$FlatMapManyInner.onNext(MonoFlatMapMany.java:251)
	at reactor.core.publisher.FluxContextWrite$ContextWriteSubscriber.onNext(FluxContextWrite.java:107)
	at io.asyncer.r2dbc.mysql.internal.util.DiscardOnCancelSubscriber.onNext(DiscardOnCancelSubscriber.java:66)
	at reactor.core.publisher.FluxPeekFuseable$PeekConditionalSubscriber.onNext(FluxPeekFuseable.java:854)
	at reactor.core.publisher.FluxHandle$HandleConditionalSubscriber.onNext(FluxHandle.java:343)
	at reactor.core.publisher.FluxPeekFuseable$PeekConditionalSubscriber.onNext(FluxPeekFuseable.java:854)
	at reactor.core.publisher.SinkManyEmitterProcessor.drain(SinkManyEmitterProcessor.java:476)
	at reactor.core.publisher.SinkManyEmitterProcessor.tryEmitNext(SinkManyEmitterProcessor.java:273)
	at reactor.core.publisher.SinkManySerialized.tryEmitNext(SinkManySerialized.java:100)
	at reactor.core.publisher.InternalManySink.emitNext(InternalManySink.java:27)
	at io.asyncer.r2dbc.mysql.client.ReactorNettyClient$ResponseSink.next(ReactorNettyClient.java:383)
	at io.asyncer.r2dbc.mysql.client.ReactorNettyClient.lambda$new$0(ReactorNettyClient.java:121)
	at reactor.core.publisher.FluxPeek$PeekSubscriber.onNext(FluxPeek.java:185)
	at reactor.netty.channel.FluxReceive.drainReceiver(FluxReceive.java:294)
	at reactor.netty.channel.FluxReceive.onInboundNext(FluxReceive.java:403)
	at reactor.netty.channel.ChannelOperations.onInboundNext(ChannelOperations.java:426)
	at reactor.netty.channel.ChannelOperationsHandler.channelRead(ChannelOperationsHandler.java:114)
	at io.netty.channel.AbstractChannelHandlerContext.invokeChannelRead(AbstractChannelHandlerContext.java:444)
	at io.netty.channel.AbstractChannelHandlerContext.invokeChannelRead(AbstractChannelHandlerContext.java:420)
	at io.netty.channel.AbstractChannelHandlerContext.fireChannelRead(AbstractChannelHandlerContext.java:412)
	at io.asyncer.r2dbc.mysql.client.MessageDuplexCodec.handleDecoded(MessageDuplexCodec.java:162)
	at io.asyncer.r2dbc.mysql.client.MessageDuplexCodec.channelRead(MessageDuplexCodec.java:73)
	at io.netty.channel.AbstractChannelHandlerContext.invokeChannelRead(AbstractChannelHandlerContext.java:442)
	at io.netty.channel.AbstractChannelHandlerContext.invokeChannelRead(AbstractChannelHandlerContext.java:420)
	at io.netty.channel.AbstractChannelHandlerContext.fireChannelRead(AbstractChannelHandlerContext.java:412)
	at io.netty.handler.codec.ByteToMessageDecoder.fireChannelRead(ByteToMessageDecoder.java:346)
	at io.netty.handler.codec.ByteToMessageDecoder.fireChannelRead(ByteToMessageDecoder.java:333)
	at io.netty.handler.codec.ByteToMessageDecoder.callDecode(ByteToMessageDecoder.java:454)
	at io.netty.handler.codec.ByteToMessageDecoder.channelRead(ByteToMessageDecoder.java:290)
	at io.netty.channel.AbstractChannelHandlerContext.invokeChannelRead(AbstractChannelHandlerContext.java:444)
	at io.netty.channel.AbstractChannelHandlerContext.invokeChannelRead(AbstractChannelHandlerContext.java:420)
	at io.netty.channel.AbstractChannelHandlerContext.fireChannelRead(AbstractChannelHandlerContext.java:412)
	at io.netty.handler.ssl.SslHandler.unwrap(SslHandler.java:1475)
	at io.netty.handler.ssl.SslHandler.decodeJdkCompatible(SslHandler.java:1338)
	at io.netty.handler.ssl.SslHandler.decode(SslHandler.java:1387)
	at io.netty.handler.codec.ByteToMessageDecoder.decodeRemovalReentryProtection(ByteToMessageDecoder.java:529)
	at io.netty.handler.codec.ByteToMessageDecoder.callDecode(ByteToMessageDecoder.java:468)
	at io.netty.handler.codec.ByteToMessageDecoder.channelRead(ByteToMessageDecoder.java:290)
	at io.netty.channel.AbstractChannelHandlerContext.invokeChannelRead(AbstractChannelHandlerContext.java:444)
	at io.netty.channel.AbstractChannelHandlerContext.invokeChannelRead(AbstractChannelHandlerContext.java:420)
	at io.netty.channel.AbstractChannelHandlerContext.fireChannelRead(AbstractChannelHandlerContext.java:412)
	at io.netty.channel.DefaultChannelPipeline$HeadContext.channelRead(DefaultChannelPipeline.java:1410)
	at io.netty.channel.AbstractChannelHandlerContext.invokeChannelRead(AbstractChannelHandlerContext.java:440)
	at io.netty.channel.AbstractChannelHandlerContext.invokeChannelRead(AbstractChannelHandlerContext.java:420)
	at io.netty.channel.DefaultChannelPipeline.fireChannelRead(DefaultChannelPipeline.java:919)
	at io.netty.channel.nio.AbstractNioByteChannel$NioByteUnsafe.read(AbstractNioByteChannel.java:166)
	at io.netty.channel.nio.NioEventLoop.processSelectedKey(NioEventLoop.java:788)
	at io.netty.channel.nio.NioEventLoop.processSelectedKeysOptimized(NioEventLoop.java:724)
	at io.netty.channel.nio.NioEventLoop.processSelectedKeys(NioEventLoop.java:650)
	at io.netty.channel.nio.NioEventLoop.run(NioEventLoop.java:562)
	at io.netty.util.concurrent.SingleThreadEventExecutor$4.run(SingleThreadEventExecutor.java:997)
	at io.netty.util.internal.ThreadExecutorMap$2.run(ThreadExecutorMap.java:74)
	at io.netty.util.concurrent.FastThreadLocalRunnable.run(FastThreadLocalRunnable.java:30)
	at java.base/java.lang.Thread.run(Thread.java:1583)
2025-07-04 00:00:44 [reactor-tcp-nio-7] WARN  i.a.r2dbc.mysql.MySqlConnection - The server timezone is unknown <Hora est. Pac?fico, Sudam?ric>, trying to use system default timezone
java.time.DateTimeException: Invalid ID for region-based ZoneId, invalid format: Hora est. Pac?fico, Sudam?ric
	at java.base/java.time.ZoneRegion.checkName(ZoneRegion.java:152)
	at java.base/java.time.ZoneRegion.ofId(ZoneRegion.java:117)
	at java.base/java.time.ZoneId.of(ZoneId.java:411)
	at java.base/java.time.ZoneId.of(ZoneId.java:359)
	at java.base/java.time.ZoneId.of(ZoneId.java:315)
	at io.asyncer.r2dbc.mysql.MySqlConnection.convertZoneId(MySqlConnection.java:549)
	at io.asyncer.r2dbc.mysql.MySqlConnection.lambda$fullInit$17(MySqlConnection.java:506)
	at io.asyncer.r2dbc.mysql.MySqlResult.lambda$map$1(MySqlResult.java:87)
	at reactor.core.publisher.FluxHandleFuseable$HandleFuseableSubscriber.onNext(FluxHandleFuseable.java:179)
	at reactor.core.publisher.FluxHandleFuseable$HandleFuseableConditionalSubscriber.onNext(FluxHandleFuseable.java:505)
	at reactor.core.publisher.FluxContextWrite$ContextWriteSubscriber.onNext(FluxContextWrite.java:107)
	at io.asyncer.r2dbc.mysql.internal.util.DiscardOnCancelSubscriber.onNext(DiscardOnCancelSubscriber.java:66)
	at reactor.core.publisher.FluxWindowPredicate$WindowFlux.drainRegular(FluxWindowPredicate.java:670)
	at reactor.core.publisher.FluxWindowPredicate$WindowFlux.drain(FluxWindowPredicate.java:748)
	at reactor.core.publisher.FluxWindowPredicate$WindowFlux.onNext(FluxWindowPredicate.java:790)
	at reactor.core.publisher.FluxWindowPredicate$WindowPredicateMain.onNext(FluxWindowPredicate.java:268)
	at reactor.core.publisher.FluxPeek$PeekSubscriber.onNext(FluxPeek.java:200)
	at reactor.core.publisher.MonoFlatMapMany$FlatMapManyInner.onNext(MonoFlatMapMany.java:251)
	at reactor.core.publisher.FluxContextWrite$ContextWriteSubscriber.onNext(FluxContextWrite.java:107)
	at io.asyncer.r2dbc.mysql.internal.util.DiscardOnCancelSubscriber.onNext(DiscardOnCancelSubscriber.java:66)
	at reactor.core.publisher.FluxPeekFuseable$PeekConditionalSubscriber.onNext(FluxPeekFuseable.java:854)
	at reactor.core.publisher.FluxHandle$HandleConditionalSubscriber.onNext(FluxHandle.java:343)
	at reactor.core.publisher.FluxPeekFuseable$PeekConditionalSubscriber.onNext(FluxPeekFuseable.java:854)
	at reactor.core.publisher.SinkManyEmitterProcessor.drain(SinkManyEmitterProcessor.java:476)
	at reactor.core.publisher.SinkManyEmitterProcessor.tryEmitNext(SinkManyEmitterProcessor.java:273)
	at reactor.core.publisher.SinkManySerialized.tryEmitNext(SinkManySerialized.java:100)
	at reactor.core.publisher.InternalManySink.emitNext(InternalManySink.java:27)
	at io.asyncer.r2dbc.mysql.client.ReactorNettyClient$ResponseSink.next(ReactorNettyClient.java:383)
	at io.asyncer.r2dbc.mysql.client.ReactorNettyClient.lambda$new$0(ReactorNettyClient.java:121)
	at reactor.core.publisher.FluxPeek$PeekSubscriber.onNext(FluxPeek.java:185)
	at reactor.netty.channel.FluxReceive.drainReceiver(FluxReceive.java:294)
	at reactor.netty.channel.FluxReceive.onInboundNext(FluxReceive.java:403)
	at reactor.netty.channel.ChannelOperations.onInboundNext(ChannelOperations.java:426)
	at reactor.netty.channel.ChannelOperationsHandler.channelRead(ChannelOperationsHandler.java:114)
	at io.netty.channel.AbstractChannelHandlerContext.invokeChannelRead(AbstractChannelHandlerContext.java:444)
	at io.netty.channel.AbstractChannelHandlerContext.invokeChannelRead(AbstractChannelHandlerContext.java:420)
	at io.netty.channel.AbstractChannelHandlerContext.fireChannelRead(AbstractChannelHandlerContext.java:412)
	at io.asyncer.r2dbc.mysql.client.MessageDuplexCodec.handleDecoded(MessageDuplexCodec.java:162)
	at io.asyncer.r2dbc.mysql.client.MessageDuplexCodec.channelRead(MessageDuplexCodec.java:73)
	at io.netty.channel.AbstractChannelHandlerContext.invokeChannelRead(AbstractChannelHandlerContext.java:442)
	at io.netty.channel.AbstractChannelHandlerContext.invokeChannelRead(AbstractChannelHandlerContext.java:420)
	at io.netty.channel.AbstractChannelHandlerContext.fireChannelRead(AbstractChannelHandlerContext.java:412)
	at io.netty.handler.codec.ByteToMessageDecoder.fireChannelRead(ByteToMessageDecoder.java:346)
	at io.netty.handler.codec.ByteToMessageDecoder.fireChannelRead(ByteToMessageDecoder.java:333)
	at io.netty.handler.codec.ByteToMessageDecoder.callDecode(ByteToMessageDecoder.java:454)
	at io.netty.handler.codec.ByteToMessageDecoder.channelRead(ByteToMessageDecoder.java:290)
	at io.netty.channel.AbstractChannelHandlerContext.invokeChannelRead(AbstractChannelHandlerContext.java:444)
	at io.netty.channel.AbstractChannelHandlerContext.invokeChannelRead(AbstractChannelHandlerContext.java:420)
	at io.netty.channel.AbstractChannelHandlerContext.fireChannelRead(AbstractChannelHandlerContext.java:412)
	at io.netty.handler.ssl.SslHandler.unwrap(SslHandler.java:1475)
	at io.netty.handler.ssl.SslHandler.decodeJdkCompatible(SslHandler.java:1338)
	at io.netty.handler.ssl.SslHandler.decode(SslHandler.java:1387)
	at io.netty.handler.codec.ByteToMessageDecoder.decodeRemovalReentryProtection(ByteToMessageDecoder.java:529)
	at io.netty.handler.codec.ByteToMessageDecoder.callDecode(ByteToMessageDecoder.java:468)
	at io.netty.handler.codec.ByteToMessageDecoder.channelRead(ByteToMessageDecoder.java:290)
	at io.netty.channel.AbstractChannelHandlerContext.invokeChannelRead(AbstractChannelHandlerContext.java:444)
	at io.netty.channel.AbstractChannelHandlerContext.invokeChannelRead(AbstractChannelHandlerContext.java:420)
	at io.netty.channel.AbstractChannelHandlerContext.fireChannelRead(AbstractChannelHandlerContext.java:412)
	at io.netty.channel.DefaultChannelPipeline$HeadContext.channelRead(DefaultChannelPipeline.java:1410)
	at io.netty.channel.AbstractChannelHandlerContext.invokeChannelRead(AbstractChannelHandlerContext.java:440)
	at io.netty.channel.AbstractChannelHandlerContext.invokeChannelRead(AbstractChannelHandlerContext.java:420)
	at io.netty.channel.DefaultChannelPipeline.fireChannelRead(DefaultChannelPipeline.java:919)
	at io.netty.channel.nio.AbstractNioByteChannel$NioByteUnsafe.read(AbstractNioByteChannel.java:166)
	at io.netty.channel.nio.NioEventLoop.processSelectedKey(NioEventLoop.java:788)
	at io.netty.channel.nio.NioEventLoop.processSelectedKeysOptimized(NioEventLoop.java:724)
	at io.netty.channel.nio.NioEventLoop.processSelectedKeys(NioEventLoop.java:650)
	at io.netty.channel.nio.NioEventLoop.run(NioEventLoop.java:562)
	at io.netty.util.concurrent.SingleThreadEventExecutor$4.run(SingleThreadEventExecutor.java:997)
	at io.netty.util.internal.ThreadExecutorMap$2.run(ThreadExecutorMap.java:74)
	at io.netty.util.concurrent.FastThreadLocalRunnable.run(FastThreadLocalRunnable.java:30)
	at java.base/java.lang.Thread.run(Thread.java:1583)
2025-07-04 00:00:44 [reactor-tcp-nio-8] WARN  i.a.r2dbc.mysql.MySqlConnection - The server timezone is unknown <Hora est. Pac?fico, Sudam?ric>, trying to use system default timezone
java.time.DateTimeException: Invalid ID for region-based ZoneId, invalid format: Hora est. Pac?fico, Sudam?ric
	at java.base/java.time.ZoneRegion.checkName(ZoneRegion.java:152)
	at java.base/java.time.ZoneRegion.ofId(ZoneRegion.java:117)
	at java.base/java.time.ZoneId.of(ZoneId.java:411)
	at java.base/java.time.ZoneId.of(ZoneId.java:359)
	at java.base/java.time.ZoneId.of(ZoneId.java:315)
	at io.asyncer.r2dbc.mysql.MySqlConnection.convertZoneId(MySqlConnection.java:549)
	at io.asyncer.r2dbc.mysql.MySqlConnection.lambda$fullInit$17(MySqlConnection.java:506)
	at io.asyncer.r2dbc.mysql.MySqlResult.lambda$map$1(MySqlResult.java:87)
	at reactor.core.publisher.FluxHandleFuseable$HandleFuseableSubscriber.onNext(FluxHandleFuseable.java:179)
	at reactor.core.publisher.FluxHandleFuseable$HandleFuseableConditionalSubscriber.onNext(FluxHandleFuseable.java:505)
	at reactor.core.publisher.FluxContextWrite$ContextWriteSubscriber.onNext(FluxContextWrite.java:107)
	at io.asyncer.r2dbc.mysql.internal.util.DiscardOnCancelSubscriber.onNext(DiscardOnCancelSubscriber.java:66)
	at reactor.core.publisher.FluxWindowPredicate$WindowFlux.drainRegular(FluxWindowPredicate.java:670)
	at reactor.core.publisher.FluxWindowPredicate$WindowFlux.drain(FluxWindowPredicate.java:748)
	at reactor.core.publisher.FluxWindowPredicate$WindowFlux.onNext(FluxWindowPredicate.java:790)
	at reactor.core.publisher.FluxWindowPredicate$WindowPredicateMain.onNext(FluxWindowPredicate.java:268)
	at reactor.core.publisher.FluxPeek$PeekSubscriber.onNext(FluxPeek.java:200)
	at reactor.core.publisher.MonoFlatMapMany$FlatMapManyInner.onNext(MonoFlatMapMany.java:251)
	at reactor.core.publisher.FluxContextWrite$ContextWriteSubscriber.onNext(FluxContextWrite.java:107)
	at io.asyncer.r2dbc.mysql.internal.util.DiscardOnCancelSubscriber.onNext(DiscardOnCancelSubscriber.java:66)
	at reactor.core.publisher.FluxPeekFuseable$PeekConditionalSubscriber.onNext(FluxPeekFuseable.java:854)
	at reactor.core.publisher.FluxHandle$HandleConditionalSubscriber.onNext(FluxHandle.java:343)
	at reactor.core.publisher.FluxPeekFuseable$PeekConditionalSubscriber.onNext(FluxPeekFuseable.java:854)
	at reactor.core.publisher.SinkManyEmitterProcessor.drain(SinkManyEmitterProcessor.java:476)
	at reactor.core.publisher.SinkManyEmitterProcessor.tryEmitNext(SinkManyEmitterProcessor.java:273)
	at reactor.core.publisher.SinkManySerialized.tryEmitNext(SinkManySerialized.java:100)
	at reactor.core.publisher.InternalManySink.emitNext(InternalManySink.java:27)
	at io.asyncer.r2dbc.mysql.client.ReactorNettyClient$ResponseSink.next(ReactorNettyClient.java:383)
	at io.asyncer.r2dbc.mysql.client.ReactorNettyClient.lambda$new$0(ReactorNettyClient.java:121)
	at reactor.core.publisher.FluxPeek$PeekSubscriber.onNext(FluxPeek.java:185)
	at reactor.netty.channel.FluxReceive.drainReceiver(FluxReceive.java:294)
	at reactor.netty.channel.FluxReceive.onInboundNext(FluxReceive.java:403)
	at reactor.netty.channel.ChannelOperations.onInboundNext(ChannelOperations.java:426)
	at reactor.netty.channel.ChannelOperationsHandler.channelRead(ChannelOperationsHandler.java:114)
	at io.netty.channel.AbstractChannelHandlerContext.invokeChannelRead(AbstractChannelHandlerContext.java:444)
	at io.netty.channel.AbstractChannelHandlerContext.invokeChannelRead(AbstractChannelHandlerContext.java:420)
	at io.netty.channel.AbstractChannelHandlerContext.fireChannelRead(AbstractChannelHandlerContext.java:412)
	at io.asyncer.r2dbc.mysql.client.MessageDuplexCodec.handleDecoded(MessageDuplexCodec.java:162)
	at io.asyncer.r2dbc.mysql.client.MessageDuplexCodec.channelRead(MessageDuplexCodec.java:73)
	at io.netty.channel.AbstractChannelHandlerContext.invokeChannelRead(AbstractChannelHandlerContext.java:442)
	at io.netty.channel.AbstractChannelHandlerContext.invokeChannelRead(AbstractChannelHandlerContext.java:420)
	at io.netty.channel.AbstractChannelHandlerContext.fireChannelRead(AbstractChannelHandlerContext.java:412)
	at io.netty.handler.codec.ByteToMessageDecoder.fireChannelRead(ByteToMessageDecoder.java:346)
	at io.netty.handler.codec.ByteToMessageDecoder.fireChannelRead(ByteToMessageDecoder.java:333)
	at io.netty.handler.codec.ByteToMessageDecoder.callDecode(ByteToMessageDecoder.java:454)
	at io.netty.handler.codec.ByteToMessageDecoder.channelRead(ByteToMessageDecoder.java:290)
	at io.netty.channel.AbstractChannelHandlerContext.invokeChannelRead(AbstractChannelHandlerContext.java:444)
	at io.netty.channel.AbstractChannelHandlerContext.invokeChannelRead(AbstractChannelHandlerContext.java:420)
	at io.netty.channel.AbstractChannelHandlerContext.fireChannelRead(AbstractChannelHandlerContext.java:412)
	at io.netty.handler.ssl.SslHandler.unwrap(SslHandler.java:1475)
	at io.netty.handler.ssl.SslHandler.decodeJdkCompatible(SslHandler.java:1338)
	at io.netty.handler.ssl.SslHandler.decode(SslHandler.java:1387)
	at io.netty.handler.codec.ByteToMessageDecoder.decodeRemovalReentryProtection(ByteToMessageDecoder.java:529)
	at io.netty.handler.codec.ByteToMessageDecoder.callDecode(ByteToMessageDecoder.java:468)
	at io.netty.handler.codec.ByteToMessageDecoder.channelRead(ByteToMessageDecoder.java:290)
	at io.netty.channel.AbstractChannelHandlerContext.invokeChannelRead(AbstractChannelHandlerContext.java:444)
	at io.netty.channel.AbstractChannelHandlerContext.invokeChannelRead(AbstractChannelHandlerContext.java:420)
	at io.netty.channel.AbstractChannelHandlerContext.fireChannelRead(AbstractChannelHandlerContext.java:412)
	at io.netty.channel.DefaultChannelPipeline$HeadContext.channelRead(DefaultChannelPipeline.java:1410)
	at io.netty.channel.AbstractChannelHandlerContext.invokeChannelRead(AbstractChannelHandlerContext.java:440)
	at io.netty.channel.AbstractChannelHandlerContext.invokeChannelRead(AbstractChannelHandlerContext.java:420)
	at io.netty.channel.DefaultChannelPipeline.fireChannelRead(DefaultChannelPipeline.java:919)
	at io.netty.channel.nio.AbstractNioByteChannel$NioByteUnsafe.read(AbstractNioByteChannel.java:166)
	at io.netty.channel.nio.NioEventLoop.processSelectedKey(NioEventLoop.java:788)
	at io.netty.channel.nio.NioEventLoop.processSelectedKeysOptimized(NioEventLoop.java:724)
	at io.netty.channel.nio.NioEventLoop.processSelectedKeys(NioEventLoop.java:650)
	at io.netty.channel.nio.NioEventLoop.run(NioEventLoop.java:562)
	at io.netty.util.concurrent.SingleThreadEventExecutor$4.run(SingleThreadEventExecutor.java:997)
	at io.netty.util.internal.ThreadExecutorMap$2.run(ThreadExecutorMap.java:74)
	at io.netty.util.concurrent.FastThreadLocalRunnable.run(FastThreadLocalRunnable.java:30)
	at java.base/java.lang.Thread.run(Thread.java:1583)
2025-07-04 00:00:44 [reactor-tcp-nio-9] WARN  i.a.r2dbc.mysql.MySqlConnection - The server timezone is unknown <Hora est. Pac?fico, Sudam?ric>, trying to use system default timezone
java.time.DateTimeException: Invalid ID for region-based ZoneId, invalid format: Hora est. Pac?fico, Sudam?ric
	at java.base/java.time.ZoneRegion.checkName(ZoneRegion.java:152)
	at java.base/java.time.ZoneRegion.ofId(ZoneRegion.java:117)
	at java.base/java.time.ZoneId.of(ZoneId.java:411)
	at java.base/java.time.ZoneId.of(ZoneId.java:359)
	at java.base/java.time.ZoneId.of(ZoneId.java:315)
	at io.asyncer.r2dbc.mysql.MySqlConnection.convertZoneId(MySqlConnection.java:549)
	at io.asyncer.r2dbc.mysql.MySqlConnection.lambda$fullInit$17(MySqlConnection.java:506)
	at io.asyncer.r2dbc.mysql.MySqlResult.lambda$map$1(MySqlResult.java:87)
	at reactor.core.publisher.FluxHandleFuseable$HandleFuseableSubscriber.onNext(FluxHandleFuseable.java:179)
	at reactor.core.publisher.FluxHandleFuseable$HandleFuseableConditionalSubscriber.onNext(FluxHandleFuseable.java:505)
	at reactor.core.publisher.FluxContextWrite$ContextWriteSubscriber.onNext(FluxContextWrite.java:107)
	at io.asyncer.r2dbc.mysql.internal.util.DiscardOnCancelSubscriber.onNext(DiscardOnCancelSubscriber.java:66)
	at reactor.core.publisher.FluxWindowPredicate$WindowFlux.drainRegular(FluxWindowPredicate.java:670)
	at reactor.core.publisher.FluxWindowPredicate$WindowFlux.drain(FluxWindowPredicate.java:748)
	at reactor.core.publisher.FluxWindowPredicate$WindowFlux.onNext(FluxWindowPredicate.java:790)
	at reactor.core.publisher.FluxWindowPredicate$WindowPredicateMain.onNext(FluxWindowPredicate.java:268)
	at reactor.core.publisher.FluxPeek$PeekSubscriber.onNext(FluxPeek.java:200)
	at reactor.core.publisher.MonoFlatMapMany$FlatMapManyInner.onNext(MonoFlatMapMany.java:251)
	at reactor.core.publisher.FluxContextWrite$ContextWriteSubscriber.onNext(FluxContextWrite.java:107)
	at io.asyncer.r2dbc.mysql.internal.util.DiscardOnCancelSubscriber.onNext(DiscardOnCancelSubscriber.java:66)
	at reactor.core.publisher.FluxPeekFuseable$PeekConditionalSubscriber.onNext(FluxPeekFuseable.java:854)
	at reactor.core.publisher.FluxHandle$HandleConditionalSubscriber.onNext(FluxHandle.java:343)
	at reactor.core.publisher.FluxPeekFuseable$PeekConditionalSubscriber.onNext(FluxPeekFuseable.java:854)
	at reactor.core.publisher.SinkManyEmitterProcessor.drain(SinkManyEmitterProcessor.java:476)
	at reactor.core.publisher.SinkManyEmitterProcessor.tryEmitNext(SinkManyEmitterProcessor.java:273)
	at reactor.core.publisher.SinkManySerialized.tryEmitNext(SinkManySerialized.java:100)
	at reactor.core.publisher.InternalManySink.emitNext(InternalManySink.java:27)
	at io.asyncer.r2dbc.mysql.client.ReactorNettyClient$ResponseSink.next(ReactorNettyClient.java:383)
	at io.asyncer.r2dbc.mysql.client.ReactorNettyClient.lambda$new$0(ReactorNettyClient.java:121)
	at reactor.core.publisher.FluxPeek$PeekSubscriber.onNext(FluxPeek.java:185)
	at reactor.netty.channel.FluxReceive.drainReceiver(FluxReceive.java:294)
	at reactor.netty.channel.FluxReceive.onInboundNext(FluxReceive.java:403)
	at reactor.netty.channel.ChannelOperations.onInboundNext(ChannelOperations.java:426)
	at reactor.netty.channel.ChannelOperationsHandler.channelRead(ChannelOperationsHandler.java:114)
	at io.netty.channel.AbstractChannelHandlerContext.invokeChannelRead(AbstractChannelHandlerContext.java:444)
	at io.netty.channel.AbstractChannelHandlerContext.invokeChannelRead(AbstractChannelHandlerContext.java:420)
	at io.netty.channel.AbstractChannelHandlerContext.fireChannelRead(AbstractChannelHandlerContext.java:412)
	at io.asyncer.r2dbc.mysql.client.MessageDuplexCodec.handleDecoded(MessageDuplexCodec.java:162)
	at io.asyncer.r2dbc.mysql.client.MessageDuplexCodec.channelRead(MessageDuplexCodec.java:73)
	at io.netty.channel.AbstractChannelHandlerContext.invokeChannelRead(AbstractChannelHandlerContext.java:442)
	at io.netty.channel.AbstractChannelHandlerContext.invokeChannelRead(AbstractChannelHandlerContext.java:420)
	at io.netty.channel.AbstractChannelHandlerContext.fireChannelRead(AbstractChannelHandlerContext.java:412)
	at io.netty.handler.codec.ByteToMessageDecoder.fireChannelRead(ByteToMessageDecoder.java:346)
	at io.netty.handler.codec.ByteToMessageDecoder.fireChannelRead(ByteToMessageDecoder.java:333)
	at io.netty.handler.codec.ByteToMessageDecoder.callDecode(ByteToMessageDecoder.java:454)
	at io.netty.handler.codec.ByteToMessageDecoder.channelRead(ByteToMessageDecoder.java:290)
	at io.netty.channel.AbstractChannelHandlerContext.invokeChannelRead(AbstractChannelHandlerContext.java:444)
	at io.netty.channel.AbstractChannelHandlerContext.invokeChannelRead(AbstractChannelHandlerContext.java:420)
	at io.netty.channel.AbstractChannelHandlerContext.fireChannelRead(AbstractChannelHandlerContext.java:412)
	at io.netty.handler.ssl.SslHandler.unwrap(SslHandler.java:1475)
	at io.netty.handler.ssl.SslHandler.decodeJdkCompatible(SslHandler.java:1338)
	at io.netty.handler.ssl.SslHandler.decode(SslHandler.java:1387)
	at io.netty.handler.codec.ByteToMessageDecoder.decodeRemovalReentryProtection(ByteToMessageDecoder.java:529)
	at io.netty.handler.codec.ByteToMessageDecoder.callDecode(ByteToMessageDecoder.java:468)
	at io.netty.handler.codec.ByteToMessageDecoder.channelRead(ByteToMessageDecoder.java:290)
	at io.netty.channel.AbstractChannelHandlerContext.invokeChannelRead(AbstractChannelHandlerContext.java:444)
	at io.netty.channel.AbstractChannelHandlerContext.invokeChannelRead(AbstractChannelHandlerContext.java:420)
	at io.netty.channel.AbstractChannelHandlerContext.fireChannelRead(AbstractChannelHandlerContext.java:412)
	at io.netty.channel.DefaultChannelPipeline$HeadContext.channelRead(DefaultChannelPipeline.java:1410)
	at io.netty.channel.AbstractChannelHandlerContext.invokeChannelRead(AbstractChannelHandlerContext.java:440)
	at io.netty.channel.AbstractChannelHandlerContext.invokeChannelRead(AbstractChannelHandlerContext.java:420)
	at io.netty.channel.DefaultChannelPipeline.fireChannelRead(DefaultChannelPipeline.java:919)
	at io.netty.channel.nio.AbstractNioByteChannel$NioByteUnsafe.read(AbstractNioByteChannel.java:166)
	at io.netty.channel.nio.NioEventLoop.processSelectedKey(NioEventLoop.java:788)
	at io.netty.channel.nio.NioEventLoop.processSelectedKeysOptimized(NioEventLoop.java:724)
	at io.netty.channel.nio.NioEventLoop.processSelectedKeys(NioEventLoop.java:650)
	at io.netty.channel.nio.NioEventLoop.run(NioEventLoop.java:562)
	at io.netty.util.concurrent.SingleThreadEventExecutor$4.run(SingleThreadEventExecutor.java:997)
	at io.netty.util.internal.ThreadExecutorMap$2.run(ThreadExecutorMap.java:74)
	at io.netty.util.concurrent.FastThreadLocalRunnable.run(FastThreadLocalRunnable.java:30)
	at java.base/java.lang.Thread.run(Thread.java:1583)
2025-07-04 00:00:44 [reactor-tcp-nio-10] WARN  i.a.r2dbc.mysql.MySqlConnection - The server timezone is unknown <Hora est. Pac?fico, Sudam?ric>, trying to use system default timezone
java.time.DateTimeException: Invalid ID for region-based ZoneId, invalid format: Hora est. Pac?fico, Sudam?ric
	at java.base/java.time.ZoneRegion.checkName(ZoneRegion.java:152)
	at java.base/java.time.ZoneRegion.ofId(ZoneRegion.java:117)
	at java.base/java.time.ZoneId.of(ZoneId.java:411)
	at java.base/java.time.ZoneId.of(ZoneId.java:359)
	at java.base/java.time.ZoneId.of(ZoneId.java:315)
	at io.asyncer.r2dbc.mysql.MySqlConnection.convertZoneId(MySqlConnection.java:549)
	at io.asyncer.r2dbc.mysql.MySqlConnection.lambda$fullInit$17(MySqlConnection.java:506)
	at io.asyncer.r2dbc.mysql.MySqlResult.lambda$map$1(MySqlResult.java:87)
	at reactor.core.publisher.FluxHandleFuseable$HandleFuseableSubscriber.onNext(FluxHandleFuseable.java:179)
	at reactor.core.publisher.FluxHandleFuseable$HandleFuseableConditionalSubscriber.onNext(FluxHandleFuseable.java:505)
	at reactor.core.publisher.FluxContextWrite$ContextWriteSubscriber.onNext(FluxContextWrite.java:107)
	at io.asyncer.r2dbc.mysql.internal.util.DiscardOnCancelSubscriber.onNext(DiscardOnCancelSubscriber.java:66)
	at reactor.core.publisher.FluxWindowPredicate$WindowFlux.drainRegular(FluxWindowPredicate.java:670)
	at reactor.core.publisher.FluxWindowPredicate$WindowFlux.drain(FluxWindowPredicate.java:748)
	at reactor.core.publisher.FluxWindowPredicate$WindowFlux.onNext(FluxWindowPredicate.java:790)
	at reactor.core.publisher.FluxWindowPredicate$WindowPredicateMain.onNext(FluxWindowPredicate.java:268)
	at reactor.core.publisher.FluxPeek$PeekSubscriber.onNext(FluxPeek.java:200)
	at reactor.core.publisher.MonoFlatMapMany$FlatMapManyInner.onNext(MonoFlatMapMany.java:251)
	at reactor.core.publisher.FluxContextWrite$ContextWriteSubscriber.onNext(FluxContextWrite.java:107)
	at io.asyncer.r2dbc.mysql.internal.util.DiscardOnCancelSubscriber.onNext(DiscardOnCancelSubscriber.java:66)
	at reactor.core.publisher.FluxPeekFuseable$PeekConditionalSubscriber.onNext(FluxPeekFuseable.java:854)
	at reactor.core.publisher.FluxHandle$HandleConditionalSubscriber.onNext(FluxHandle.java:343)
	at reactor.core.publisher.FluxPeekFuseable$PeekConditionalSubscriber.onNext(FluxPeekFuseable.java:854)
	at reactor.core.publisher.SinkManyEmitterProcessor.drain(SinkManyEmitterProcessor.java:476)
	at reactor.core.publisher.SinkManyEmitterProcessor.tryEmitNext(SinkManyEmitterProcessor.java:273)
	at reactor.core.publisher.SinkManySerialized.tryEmitNext(SinkManySerialized.java:100)
	at reactor.core.publisher.InternalManySink.emitNext(InternalManySink.java:27)
	at io.asyncer.r2dbc.mysql.client.ReactorNettyClient$ResponseSink.next(ReactorNettyClient.java:383)
	at io.asyncer.r2dbc.mysql.client.ReactorNettyClient.lambda$new$0(ReactorNettyClient.java:121)
	at reactor.core.publisher.FluxPeek$PeekSubscriber.onNext(FluxPeek.java:185)
	at reactor.netty.channel.FluxReceive.drainReceiver(FluxReceive.java:294)
	at reactor.netty.channel.FluxReceive.onInboundNext(FluxReceive.java:403)
	at reactor.netty.channel.ChannelOperations.onInboundNext(ChannelOperations.java:426)
	at reactor.netty.channel.ChannelOperationsHandler.channelRead(ChannelOperationsHandler.java:114)
	at io.netty.channel.AbstractChannelHandlerContext.invokeChannelRead(AbstractChannelHandlerContext.java:444)
	at io.netty.channel.AbstractChannelHandlerContext.invokeChannelRead(AbstractChannelHandlerContext.java:420)
	at io.netty.channel.AbstractChannelHandlerContext.fireChannelRead(AbstractChannelHandlerContext.java:412)
	at io.asyncer.r2dbc.mysql.client.MessageDuplexCodec.handleDecoded(MessageDuplexCodec.java:162)
	at io.asyncer.r2dbc.mysql.client.MessageDuplexCodec.channelRead(MessageDuplexCodec.java:73)
	at io.netty.channel.AbstractChannelHandlerContext.invokeChannelRead(AbstractChannelHandlerContext.java:442)
	at io.netty.channel.AbstractChannelHandlerContext.invokeChannelRead(AbstractChannelHandlerContext.java:420)
	at io.netty.channel.AbstractChannelHandlerContext.fireChannelRead(AbstractChannelHandlerContext.java:412)
	at io.netty.handler.codec.ByteToMessageDecoder.fireChannelRead(ByteToMessageDecoder.java:346)
	at io.netty.handler.codec.ByteToMessageDecoder.fireChannelRead(ByteToMessageDecoder.java:333)
	at io.netty.handler.codec.ByteToMessageDecoder.callDecode(ByteToMessageDecoder.java:454)
	at io.netty.handler.codec.ByteToMessageDecoder.channelRead(ByteToMessageDecoder.java:290)
	at io.netty.channel.AbstractChannelHandlerContext.invokeChannelRead(AbstractChannelHandlerContext.java:444)
	at io.netty.channel.AbstractChannelHandlerContext.invokeChannelRead(AbstractChannelHandlerContext.java:420)
	at io.netty.channel.AbstractChannelHandlerContext.fireChannelRead(AbstractChannelHandlerContext.java:412)
	at io.netty.handler.ssl.SslHandler.unwrap(SslHandler.java:1475)
	at io.netty.handler.ssl.SslHandler.decodeJdkCompatible(SslHandler.java:1338)
	at io.netty.handler.ssl.SslHandler.decode(SslHandler.java:1387)
	at io.netty.handler.codec.ByteToMessageDecoder.decodeRemovalReentryProtection(ByteToMessageDecoder.java:529)
	at io.netty.handler.codec.ByteToMessageDecoder.callDecode(ByteToMessageDecoder.java:468)
	at io.netty.handler.codec.ByteToMessageDecoder.channelRead(ByteToMessageDecoder.java:290)
	at io.netty.channel.AbstractChannelHandlerContext.invokeChannelRead(AbstractChannelHandlerContext.java:444)
	at io.netty.channel.AbstractChannelHandlerContext.invokeChannelRead(AbstractChannelHandlerContext.java:420)
	at io.netty.channel.AbstractChannelHandlerContext.fireChannelRead(AbstractChannelHandlerContext.java:412)
	at io.netty.channel.DefaultChannelPipeline$HeadContext.channelRead(DefaultChannelPipeline.java:1410)
	at io.netty.channel.AbstractChannelHandlerContext.invokeChannelRead(AbstractChannelHandlerContext.java:440)
	at io.netty.channel.AbstractChannelHandlerContext.invokeChannelRead(AbstractChannelHandlerContext.java:420)
	at io.netty.channel.DefaultChannelPipeline.fireChannelRead(DefaultChannelPipeline.java:919)
	at io.netty.channel.nio.AbstractNioByteChannel$NioByteUnsafe.read(AbstractNioByteChannel.java:166)
	at io.netty.channel.nio.NioEventLoop.processSelectedKey(NioEventLoop.java:788)
	at io.netty.channel.nio.NioEventLoop.processSelectedKeysOptimized(NioEventLoop.java:724)
	at io.netty.channel.nio.NioEventLoop.processSelectedKeys(NioEventLoop.java:650)
	at io.netty.channel.nio.NioEventLoop.run(NioEventLoop.java:562)
	at io.netty.util.concurrent.SingleThreadEventExecutor$4.run(SingleThreadEventExecutor.java:997)
	at io.netty.util.internal.ThreadExecutorMap$2.run(ThreadExecutorMap.java:74)
	at io.netty.util.concurrent.FastThreadLocalRunnable.run(FastThreadLocalRunnable.java:30)
	at java.base/java.lang.Thread.run(Thread.java:1583)
2025-07-04 00:00:44 [reactor-tcp-nio-11] WARN  i.a.r2dbc.mysql.MySqlConnection - The server timezone is unknown <Hora est. Pac?fico, Sudam?ric>, trying to use system default timezone
java.time.DateTimeException: Invalid ID for region-based ZoneId, invalid format: Hora est. Pac?fico, Sudam?ric
	at java.base/java.time.ZoneRegion.checkName(ZoneRegion.java:152)
	at java.base/java.time.ZoneRegion.ofId(ZoneRegion.java:117)
	at java.base/java.time.ZoneId.of(ZoneId.java:411)
	at java.base/java.time.ZoneId.of(ZoneId.java:359)
	at java.base/java.time.ZoneId.of(ZoneId.java:315)
	at io.asyncer.r2dbc.mysql.MySqlConnection.convertZoneId(MySqlConnection.java:549)
	at io.asyncer.r2dbc.mysql.MySqlConnection.lambda$fullInit$17(MySqlConnection.java:506)
	at io.asyncer.r2dbc.mysql.MySqlResult.lambda$map$1(MySqlResult.java:87)
	at reactor.core.publisher.FluxHandleFuseable$HandleFuseableSubscriber.onNext(FluxHandleFuseable.java:179)
	at reactor.core.publisher.FluxHandleFuseable$HandleFuseableConditionalSubscriber.onNext(FluxHandleFuseable.java:505)
	at reactor.core.publisher.FluxContextWrite$ContextWriteSubscriber.onNext(FluxContextWrite.java:107)
	at io.asyncer.r2dbc.mysql.internal.util.DiscardOnCancelSubscriber.onNext(DiscardOnCancelSubscriber.java:66)
	at reactor.core.publisher.FluxWindowPredicate$WindowFlux.drainRegular(FluxWindowPredicate.java:670)
	at reactor.core.publisher.FluxWindowPredicate$WindowFlux.drain(FluxWindowPredicate.java:748)
	at reactor.core.publisher.FluxWindowPredicate$WindowFlux.onNext(FluxWindowPredicate.java:790)
	at reactor.core.publisher.FluxWindowPredicate$WindowPredicateMain.onNext(FluxWindowPredicate.java:268)
	at reactor.core.publisher.FluxPeek$PeekSubscriber.onNext(FluxPeek.java:200)
	at reactor.core.publisher.MonoFlatMapMany$FlatMapManyInner.onNext(MonoFlatMapMany.java:251)
	at reactor.core.publisher.FluxContextWrite$ContextWriteSubscriber.onNext(FluxContextWrite.java:107)
	at io.asyncer.r2dbc.mysql.internal.util.DiscardOnCancelSubscriber.onNext(DiscardOnCancelSubscriber.java:66)
	at reactor.core.publisher.FluxPeekFuseable$PeekConditionalSubscriber.onNext(FluxPeekFuseable.java:854)
	at reactor.core.publisher.FluxHandle$HandleConditionalSubscriber.onNext(FluxHandle.java:343)
	at reactor.core.publisher.FluxPeekFuseable$PeekConditionalSubscriber.onNext(FluxPeekFuseable.java:854)
	at reactor.core.publisher.SinkManyEmitterProcessor.drain(SinkManyEmitterProcessor.java:476)
	at reactor.core.publisher.SinkManyEmitterProcessor.tryEmitNext(SinkManyEmitterProcessor.java:273)
	at reactor.core.publisher.SinkManySerialized.tryEmitNext(SinkManySerialized.java:100)
	at reactor.core.publisher.InternalManySink.emitNext(InternalManySink.java:27)
	at io.asyncer.r2dbc.mysql.client.ReactorNettyClient$ResponseSink.next(ReactorNettyClient.java:383)
	at io.asyncer.r2dbc.mysql.client.ReactorNettyClient.lambda$new$0(ReactorNettyClient.java:121)
	at reactor.core.publisher.FluxPeek$PeekSubscriber.onNext(FluxPeek.java:185)
	at reactor.netty.channel.FluxReceive.drainReceiver(FluxReceive.java:294)
	at reactor.netty.channel.FluxReceive.onInboundNext(FluxReceive.java:403)
	at reactor.netty.channel.ChannelOperations.onInboundNext(ChannelOperations.java:426)
	at reactor.netty.channel.ChannelOperationsHandler.channelRead(ChannelOperationsHandler.java:114)
	at io.netty.channel.AbstractChannelHandlerContext.invokeChannelRead(AbstractChannelHandlerContext.java:444)
	at io.netty.channel.AbstractChannelHandlerContext.invokeChannelRead(AbstractChannelHandlerContext.java:420)
	at io.netty.channel.AbstractChannelHandlerContext.fireChannelRead(AbstractChannelHandlerContext.java:412)
	at io.asyncer.r2dbc.mysql.client.MessageDuplexCodec.handleDecoded(MessageDuplexCodec.java:162)
	at io.asyncer.r2dbc.mysql.client.MessageDuplexCodec.channelRead(MessageDuplexCodec.java:73)
	at io.netty.channel.AbstractChannelHandlerContext.invokeChannelRead(AbstractChannelHandlerContext.java:442)
	at io.netty.channel.AbstractChannelHandlerContext.invokeChannelRead(AbstractChannelHandlerContext.java:420)
	at io.netty.channel.AbstractChannelHandlerContext.fireChannelRead(AbstractChannelHandlerContext.java:412)
	at io.netty.handler.codec.ByteToMessageDecoder.fireChannelRead(ByteToMessageDecoder.java:346)
	at io.netty.handler.codec.ByteToMessageDecoder.fireChannelRead(ByteToMessageDecoder.java:333)
	at io.netty.handler.codec.ByteToMessageDecoder.callDecode(ByteToMessageDecoder.java:454)
	at io.netty.handler.codec.ByteToMessageDecoder.channelRead(ByteToMessageDecoder.java:290)
	at io.netty.channel.AbstractChannelHandlerContext.invokeChannelRead(AbstractChannelHandlerContext.java:444)
	at io.netty.channel.AbstractChannelHandlerContext.invokeChannelRead(AbstractChannelHandlerContext.java:420)
	at io.netty.channel.AbstractChannelHandlerContext.fireChannelRead(AbstractChannelHandlerContext.java:412)
	at io.netty.handler.ssl.SslHandler.unwrap(SslHandler.java:1475)
	at io.netty.handler.ssl.SslHandler.decodeJdkCompatible(SslHandler.java:1338)
	at io.netty.handler.ssl.SslHandler.decode(SslHandler.java:1387)
	at io.netty.handler.codec.ByteToMessageDecoder.decodeRemovalReentryProtection(ByteToMessageDecoder.java:529)
	at io.netty.handler.codec.ByteToMessageDecoder.callDecode(ByteToMessageDecoder.java:468)
	at io.netty.handler.codec.ByteToMessageDecoder.channelRead(ByteToMessageDecoder.java:290)
	at io.netty.channel.AbstractChannelHandlerContext.invokeChannelRead(AbstractChannelHandlerContext.java:444)
	at io.netty.channel.AbstractChannelHandlerContext.invokeChannelRead(AbstractChannelHandlerContext.java:420)
	at io.netty.channel.AbstractChannelHandlerContext.fireChannelRead(AbstractChannelHandlerContext.java:412)
	at io.netty.channel.DefaultChannelPipeline$HeadContext.channelRead(DefaultChannelPipeline.java:1410)
	at io.netty.channel.AbstractChannelHandlerContext.invokeChannelRead(AbstractChannelHandlerContext.java:440)
	at io.netty.channel.AbstractChannelHandlerContext.invokeChannelRead(AbstractChannelHandlerContext.java:420)
	at io.netty.channel.DefaultChannelPipeline.fireChannelRead(DefaultChannelPipeline.java:919)
	at io.netty.channel.nio.AbstractNioByteChannel$NioByteUnsafe.read(AbstractNioByteChannel.java:166)
	at io.netty.channel.nio.NioEventLoop.processSelectedKey(NioEventLoop.java:788)
	at io.netty.channel.nio.NioEventLoop.processSelectedKeysOptimized(NioEventLoop.java:724)
	at io.netty.channel.nio.NioEventLoop.processSelectedKeys(NioEventLoop.java:650)
	at io.netty.channel.nio.NioEventLoop.run(NioEventLoop.java:562)
	at io.netty.util.concurrent.SingleThreadEventExecutor$4.run(SingleThreadEventExecutor.java:997)
	at io.netty.util.internal.ThreadExecutorMap$2.run(ThreadExecutorMap.java:74)
	at io.netty.util.concurrent.FastThreadLocalRunnable.run(FastThreadLocalRunnable.java:30)
	at java.base/java.lang.Thread.run(Thread.java:1583)
2025-07-04 00:18:12 [main] INFO  c.f.a.e.EvaluacionesApplication - Starting EvaluacionesApplication using Java 21.0.7 with PID 14416 (C:\Users\proja\OneDrive\Documentos\Github\Modulo-Evaluaciones\target\classes started by proja in C:\Users\proja\OneDrive\Documentos\Github\Modulo-Evaluaciones)
2025-07-04 00:18:12 [main] DEBUG c.f.a.e.EvaluacionesApplication - Running with Spring Boot v3.2.3, Spring v6.1.4
2025-07-04 00:18:12 [main] INFO  c.f.a.e.EvaluacionesApplication - No active profile set, falling back to 1 default profile: "default"
2025-07-04 00:18:13 [main] INFO  o.s.d.r.c.RepositoryConfigurationDelegate - Bootstrapping Spring Data R2DBC repositories in DEFAULT mode.
2025-07-04 00:18:13 [main] INFO  o.s.d.r.c.RepositoryConfigurationDelegate - Finished Spring Data repository scanning in 107 ms. Found 12 R2DBC repository interfaces.
2025-07-04 00:18:14 [main] INFO  o.s.b.a.s.r.ReactiveUserDetailsServiceAutoConfiguration - 

Using generated security password: b1567d9b-199b-4e5c-94a1-a1fd0089cf30

2025-07-04 00:18:14 [main] INFO  o.s.b.w.e.netty.NettyWebServer - Netty started on port 8080
2025-07-04 00:18:14 [main] INFO  c.f.a.e.EvaluacionesApplication - Started EvaluacionesApplication in 1.981 seconds (process running for 2.435)
